<?xml version="1.0" encoding="UTF-8"?>
<testng-results ignored="0" total="2" passed="2" failed="0" skipped="0">
  <reporter-output>
  </reporter-output>
  <suite started-at="2022-12-15T19:30:23 IST" name="myproject1.AppTest" finished-at="2022-12-15T19:30:23 IST" duration-ms="54">
    <groups>
    </groups>
    <test started-at="2022-12-15T19:30:23 IST" name="Command line test" finished-at="2022-12-15T19:30:23 IST" duration-ms="54">
      <class name="myproject1.AppTest">
        <test-method signature="testlogin1()[pri:0, instance:myproject1.AppTest@4de5031f]" started-at="2022-12-15T19:30:23 IST" name="testlogin1" finished-at="2022-12-15T19:30:23 IST" duration-ms="12" status="PASS">
          <reporter-output>
          </reporter-output>
        </test-method> <!-- testlogin1 -->
        <test-method signature="testlogin2()[pri:0, instance:myproject1.AppTest@4de5031f]" started-at="2022-12-15T19:30:23 IST" name="testlogin2" finished-at="2022-12-15T19:30:23 IST" duration-ms="1" status="PASS">
          <reporter-output>
          </reporter-output>
        </test-method> <!-- testlogin2 -->
      </class> <!-- myproject1.AppTest -->
    </test> <!-- Command line test -->
  </suite> <!-- myproject1.AppTest -->
</testng-results>
